<?xml version="1.0" encoding="UTF-8"?>
<!-- Generated by org.testng.reporters.JUnitReportReporter -->
<testsuite hostname="Abhishek" failures="0" tests="1" name="test2.Test2" time="2.539" errors="0" timestamp="20 Aug 2025 17:33:26 GMT" skipped="0">
  <testcase classname="test2.Test2" name="getresponce" time="2.539"/>
</testsuite> <!-- test2.Test2 -->
